20:47:41 **** Build of configuration Debug for project clase03 ****
make all 
Building file: ../src/clase03.c
Invoking: GCC C Compiler
gcc -O0 -g3 -Wall -c -fmessage-length=0 -MMD -MP -MF"src/clase03.d" -MT"src/clase03.o" -o "src/clase03.o" "../src/clase03.c"
../src/clase03.c: In function ‘main’:
../src/clase03.c:13:8: warning: unused variable ‘impuestosResultados’ [-Wunused-variable]
   13 |  float impuestosResultados;
      |        ^~~~~~~~~~~~~~~~~~~
../src/clase03.c:12:8: warning: variable ‘promedio’ set but not used [-Wunused-but-set-variable]
   12 |  float promedio;
      |        ^~~~~~~~
../src/clase03.c:11:8: warning: unused variable ‘impuestos’ [-Wunused-variable]
   11 |  float impuestos;
      |        ^~~~~~~~~
../src/clase03.c: In function ‘factorial’:
../src/clase03.c:87:9: warning: unused variable ‘factor’ [-Wunused-variable]
   87 |     int factor=a;
      |         ^~~~~~
../src/clase03.c:103:1: warning: control reaches end of non-void function [-Wreturn-type]
  103 | }
      | ^
Finished building: ../src/clase03.c
 
Building target: clase03
Invoking: GCC C Linker
gcc  -o "clase03"  ./src/clase03.o   
Finished building target: clase03
 
20:47:49 **** Incremental Build of configuration Debug for project clase03 ****
make all 
make: No se hace nada para 'all'.
